Flow report for C5_NIOSII_SPI_SLVSEC
Wed Oct 02 16:42:21 2019
Quartus Prime Version 18.1.0 Build 625 09/12/2018 SJ Lite Edition


---------------------
; Table of Contents ;
---------------------
  1. Legal Notice
  2. Flow Summary
  3. Flow Settings
  4. Flow Non-Default Global Settings
  5. Flow Elapsed Time
  6. Flow OS Summary
  7. Flow Log
  8. Flow Messages
  9. Flow Suppressed Messages



----------------
; Legal Notice ;
----------------
Copyright (C) 2018  Intel Corporation. All rights reserved.
Your use of Intel Corporation's design tools, logic functions 
and other software and tools, and its AMPP partner logic 
functions, and any output files from any of the foregoing 
(including device programming or simulation files), and any 
associated documentation or information are expressly subject 
to the terms and conditions of the Intel Program License 
Subscription Agreement, the Intel Quartus Prime License Agreement,
the Intel FPGA IP License Agreement, or other applicable license
agreement, including, without limitation, that your use is for
the sole purpose of programming logic devices manufactured by
Intel and sold by Intel or its authorized distributors.  Please
refer to the applicable agreement for further details.



+-------------------------------------------------------------------------------+
; Flow Summary                                                                  ;
+---------------------------------+---------------------------------------------+
; Flow Status                     ; Successful - Wed Oct 02 16:42:21 2019       ;
; Quartus Prime Version           ; 18.1.0 Build 625 09/12/2018 SJ Lite Edition ;
; Revision Name                   ; C5_NIOSII_SPI_SLVSEC                        ;
; Top-level Entity Name           ; C5_NIOSII_SPI_SLVSEC_TOP                    ;
; Family                          ; Cyclone V                                   ;
; Device                          ; 5CSEBA6U23I7                                ;
; Timing Models                   ; Final                                       ;
; Logic utilization (in ALMs)     ; 1,809 / 41,910 ( 4 % )                      ;
; Total registers                 ; 2987                                        ;
; Total pins                      ; 28 / 314 ( 9 % )                            ;
; Total virtual pins              ; 0                                           ;
; Total block memory bits         ; 1,112,960 / 5,662,720 ( 20 % )              ;
; Total DSP Blocks                ; 3 / 112 ( 3 % )                             ;
; Total HSSI RX PCSs              ; 0                                           ;
; Total HSSI PMA RX Deserializers ; 0                                           ;
; Total HSSI TX PCSs              ; 0                                           ;
; Total HSSI PMA TX Serializers   ; 0                                           ;
; Total PLLs                      ; 1 / 6 ( 17 % )                              ;
; Total DLLs                      ; 0 / 4 ( 0 % )                               ;
+---------------------------------+---------------------------------------------+


+------------------------------------------+
; Flow Settings                            ;
+-------------------+----------------------+
; Option            ; Setting              ;
+-------------------+----------------------+
; Start date & time ; 10/02/2019 16:30:44  ;
; Main task         ; Compilation          ;
; Revision Name     ; C5_NIOSII_SPI_SLVSEC ;
+-------------------+----------------------+


+-----------------------------------------------------------------------------------------------------------------------------------------------------------------------------------+
; Flow Non-Default Global Settings                                                                                                                                                  ;
+-------------------------------------+------------------------------------------------------------------------+----------------------+--------------------------+------------------+
; Assignment Name                     ; Value                                                                  ; Default Value        ; Entity Name              ; Section Id       ;
+-------------------------------------+------------------------------------------------------------------------+----------------------+--------------------------+------------------+
; COMPILER_SIGNATURE_ID               ; 997714358640.157005904313056                                           ; --                   ; --                       ; --               ;
; EDA_OUTPUT_DATA_FORMAT              ; Verilog Hdl                                                            ; --                   ; --                       ; eda_simulation   ;
; EDA_SIMULATION_TOOL                 ; ModelSim-Altera (Verilog)                                              ; <None>               ; --                       ; --               ;
; EDA_TIME_SCALE                      ; 1 ps                                                                   ; --                   ; --                       ; eda_simulation   ;
; ENABLE_SIGNALTAP                    ; On                                                                     ; --                   ; --                       ; --               ;
; MAX_CORE_JUNCTION_TEMP              ; 100                                                                    ; --                   ; --                       ; --               ;
; MIN_CORE_JUNCTION_TEMP              ; -40                                                                    ; --                   ; --                       ; --               ;
; MISC_FILE                           ; c5_niosii_spi_slvsec/synthesis/../c5_niosii_spi_slvsec.cmp             ; --                   ; --                       ; --               ;
; MISC_FILE                           ; c5_niosii_spi_slvsec/synthesis/../../c5_niosii_spi_slvsec.qsys         ; --                   ; --                       ; --               ;
; PARTITION_COLOR                     ; -- (Not supported for targeted family)                                 ; --                   ; C5_NIOSII_SPI_SLVSEC_TOP ; Top              ;
; PARTITION_FITTER_PRESERVATION_LEVEL ; -- (Not supported for targeted family)                                 ; --                   ; C5_NIOSII_SPI_SLVSEC_TOP ; Top              ;
; PARTITION_NETLIST_TYPE              ; -- (Not supported for targeted family)                                 ; --                   ; C5_NIOSII_SPI_SLVSEC_TOP ; Top              ;
; POWER_BOARD_THERMAL_MODEL           ; None (CONSERVATIVE)                                                    ; --                   ; --                       ; --               ;
; POWER_PRESET_COOLING_SOLUTION       ; 23 MM HEAT SINK WITH 200 LFPM AIRFLOW                                  ; --                   ; --                       ; --               ;
; PROJECT_OUTPUT_DIRECTORY            ; output_files                                                           ; --                   ; --                       ; --               ;
; SLD_FILE                            ; c5_niosii_spi_slvsec/synthesis/c5_niosii_spi_slvsec.regmap             ; --                   ; --                       ; --               ;
; SLD_FILE                            ; c5_niosii_spi_slvsec/synthesis/c5_niosii_spi_slvsec.debuginfo          ; --                   ; --                       ; --               ;
; SLD_FILE                            ; db/camera_poweron_sequence_sm_auto_stripped.stp                        ; --                   ; --                       ; --               ;
; SLD_INFO                            ; QSYS_NAME c5_niosii_spi_slvsec HAS_SOPCINFO 1 GENERATION_ID 1570056090 ; --                   ; c5_niosii_spi_slvsec     ; --               ;
; SLD_NODE_CREATOR_ID                 ; 110                                                                    ; --                   ; --                       ; auto_signaltap_0 ;
; SLD_NODE_ENTITY_NAME                ; sld_signaltap                                                          ; --                   ; --                       ; auto_signaltap_0 ;
; SLD_NODE_PARAMETER_ASSIGNMENT       ; SLD_RAM_BLOCK_TYPE=AUTO                                                ; --                   ; --                       ; auto_signaltap_0 ;
; SLD_NODE_PARAMETER_ASSIGNMENT       ; SLD_DATA_BITS=5                                                        ; --                   ; --                       ; auto_signaltap_0 ;
; SLD_NODE_PARAMETER_ASSIGNMENT       ; SLD_TRIGGER_BITS=5                                                     ; --                   ; --                       ; auto_signaltap_0 ;
; SLD_NODE_PARAMETER_ASSIGNMENT       ; SLD_STORAGE_QUALIFIER_BITS=5                                           ; --                   ; --                       ; auto_signaltap_0 ;
; SLD_NODE_PARAMETER_ASSIGNMENT       ; SLD_NODE_INFO=805334528                                                ; --                   ; --                       ; auto_signaltap_0 ;
; SLD_NODE_PARAMETER_ASSIGNMENT       ; SLD_POWER_UP_TRIGGER=0                                                 ; --                   ; --                       ; auto_signaltap_0 ;
; SLD_NODE_PARAMETER_ASSIGNMENT       ; SLD_INVERSION_MASK=000000000000000000000000000000000000                ; --                   ; --                       ; auto_signaltap_0 ;
; SLD_NODE_PARAMETER_ASSIGNMENT       ; SLD_INVERSION_MASK_LENGTH=36                                           ; --                   ; --                       ; auto_signaltap_0 ;
; SLD_NODE_PARAMETER_ASSIGNMENT       ; SLD_STORAGE_QUALIFIER_INVERSION_MASK_LENGTH=0                          ; --                   ; --                       ; auto_signaltap_0 ;
; SLD_NODE_PARAMETER_ASSIGNMENT       ; SLD_SEGMENT_SIZE=128                                                   ; --                   ; --                       ; auto_signaltap_0 ;
; SLD_NODE_PARAMETER_ASSIGNMENT       ; SLD_ATTRIBUTE_MEM_MODE=OFF                                             ; --                   ; --                       ; auto_signaltap_0 ;
; SLD_NODE_PARAMETER_ASSIGNMENT       ; SLD_STATE_FLOW_USE_GENERATED=0                                         ; --                   ; --                       ; auto_signaltap_0 ;
; SLD_NODE_PARAMETER_ASSIGNMENT       ; SLD_STATE_BITS=11                                                      ; --                   ; --                       ; auto_signaltap_0 ;
; SLD_NODE_PARAMETER_ASSIGNMENT       ; SLD_BUFFER_FULL_STOP=1                                                 ; --                   ; --                       ; auto_signaltap_0 ;
; SLD_NODE_PARAMETER_ASSIGNMENT       ; SLD_CURRENT_RESOURCE_WIDTH=1                                           ; --                   ; --                       ; auto_signaltap_0 ;
; SLD_NODE_PARAMETER_ASSIGNMENT       ; SLD_INCREMENTAL_ROUTING=1                                              ; --                   ; --                       ; auto_signaltap_0 ;
; SLD_NODE_PARAMETER_ASSIGNMENT       ; SLD_TRIGGER_LEVEL=1                                                    ; --                   ; --                       ; auto_signaltap_0 ;
; SLD_NODE_PARAMETER_ASSIGNMENT       ; SLD_SAMPLE_DEPTH=128                                                   ; --                   ; --                       ; auto_signaltap_0 ;
; SLD_NODE_PARAMETER_ASSIGNMENT       ; SLD_TRIGGER_IN_ENABLED=0                                               ; --                   ; --                       ; auto_signaltap_0 ;
; SLD_NODE_PARAMETER_ASSIGNMENT       ; SLD_TRIGGER_PIPELINE=0                                                 ; --                   ; --                       ; auto_signaltap_0 ;
; SLD_NODE_PARAMETER_ASSIGNMENT       ; SLD_RAM_PIPELINE=0                                                     ; --                   ; --                       ; auto_signaltap_0 ;
; SLD_NODE_PARAMETER_ASSIGNMENT       ; SLD_COUNTER_PIPELINE=0                                                 ; --                   ; --                       ; auto_signaltap_0 ;
; SLD_NODE_PARAMETER_ASSIGNMENT       ; SLD_ADVANCED_TRIGGER_ENTITY=basic,1,                                   ; --                   ; --                       ; auto_signaltap_0 ;
; SLD_NODE_PARAMETER_ASSIGNMENT       ; SLD_TRIGGER_LEVEL_PIPELINE=1                                           ; --                   ; --                       ; auto_signaltap_0 ;
; SLD_NODE_PARAMETER_ASSIGNMENT       ; SLD_ENABLE_ADVANCED_TRIGGER=0                                          ; --                   ; --                       ; auto_signaltap_0 ;
; SOPCINFO_FILE                       ; c5_niosii_spi_slvsec/synthesis/../../c5_niosii_spi_slvsec.sopcinfo     ; --                   ; --                       ; --               ;
; SYNTHESIS_ONLY_QIP                  ; On                                                                     ; --                   ; --                       ; --               ;
; TOP_LEVEL_ENTITY                    ; C5_NIOSII_SPI_SLVSEC_TOP                                               ; C5_NIOSII_SPI_SLVSEC ; --                       ; --               ;
; USE_SIGNALTAP_FILE                  ; camera_poweron_sequence_sm.stp                                         ; --                   ; --                       ; --               ;
+-------------------------------------+------------------------------------------------------------------------+----------------------+--------------------------+------------------+


+--------------------------------------------------------------------------------------------------------------------------+
; Flow Elapsed Time                                                                                                        ;
+----------------------+--------------+-------------------------+---------------------+------------------------------------+
; Module Name          ; Elapsed Time ; Average Processors Used ; Peak Virtual Memory ; Total CPU Time (on all processors) ;
+----------------------+--------------+-------------------------+---------------------+------------------------------------+
; Analysis & Synthesis ; 00:03:43     ; 1.0                     ; 5084 MB             ; 00:04:31                           ;
; Fitter               ; 00:05:41     ; 1.1                     ; 6440 MB             ; 00:09:57                           ;
; Assembler            ; 00:00:28     ; 1.0                     ; 4910 MB             ; 00:00:26                           ;
; Timing Analyzer      ; 00:00:52     ; 1.5                     ; 5360 MB             ; 00:01:13                           ;
; EDA Netlist Writer   ; 00:00:18     ; 1.0                     ; 4920 MB             ; 00:00:15                           ;
; Total                ; 00:11:02     ; --                      ; --                  ; 00:16:22                           ;
+----------------------+--------------+-------------------------+---------------------+------------------------------------+


+------------------------------------------------------------------------------------+
; Flow OS Summary                                                                    ;
+----------------------+------------------+------------+------------+----------------+
; Module Name          ; Machine Hostname ; OS Name    ; OS Version ; Processor type ;
+----------------------+------------------+------------+------------+----------------+
; Analysis & Synthesis ; Kingdel          ; Windows 10 ; 10.0       ; x86_64         ;
; Fitter               ; Kingdel          ; Windows 10 ; 10.0       ; x86_64         ;
; Assembler            ; Kingdel          ; Windows 10 ; 10.0       ; x86_64         ;
; Timing Analyzer      ; Kingdel          ; Windows 10 ; 10.0       ; x86_64         ;
; EDA Netlist Writer   ; Kingdel          ; Windows 10 ; 10.0       ; x86_64         ;
+----------------------+------------------+------------+------------+----------------+


------------
; Flow Log ;
------------
quartus_map --read_settings_files=on --write_settings_files=off C5_NIOSII_SPI_SLVSEC -c C5_NIOSII_SPI_SLVSEC
quartus_fit --read_settings_files=off --write_settings_files=off C5_NIOSII_SPI_SLVSEC -c C5_NIOSII_SPI_SLVSEC
quartus_asm --read_settings_files=off --write_settings_files=off C5_NIOSII_SPI_SLVSEC -c C5_NIOSII_SPI_SLVSEC
quartus_sta C5_NIOSII_SPI_SLVSEC -c C5_NIOSII_SPI_SLVSEC
quartus_eda --read_settings_files=off --write_settings_files=off C5_NIOSII_SPI_SLVSEC -c C5_NIOSII_SPI_SLVSEC



